#
# There is insufficient memory for the Java Runtime Environment to continue.
# Native memory allocation (malloc) failed to allocate 1258096 bytes. Error detail: Chunk::new
# Possible reasons:
#   The system is out of physical RAM or swap space
#   This process is running with CompressedOops enabled, and the Java Heap may be blocking the growth of the native heap
# Possible solutions:
#   Reduce memory load on the system
#   Increase physical memory or swap space
#   Check if swap backing store is full
#   Decrease Java heap size (-Xmx/-Xms)
#   Decrease number of Java threads
#   Decrease Java thread stack sizes (-Xss)
#   Set larger code cache with -XX:ReservedCodeCacheSize=
#   JVM is running with Unscaled Compressed Oops mode in which the Java heap is
#     placed in the first 4GB address space. The Java Heap base address is the
#     maximum limit for the native heap growth. Please use -XX:HeapBaseMinAddress
#     to set the Java Heap base and to place the Java Heap above 4GB virtual address.
# This output file may be truncated or incomplete.
#
#  Out of Memory Error (arena.cpp:191), pid=24468, tid=8336
#
# JRE version: OpenJDK Runtime Environment (17.0.11) (build 17.0.11+0--11852314)
# Java VM: OpenJDK 64-Bit Server VM (17.0.11+0--11852314, mixed mode, tiered, compressed oops, compressed class ptrs, g1 gc, windows-amd64)
# No core dump will be written. Minidumps are not enabled by default on client versions of Windows
#

---------------  S U M M A R Y ------------

Command Line: --add-opens=java.base/java.util=ALL-UNNAMED --add-opens=java.base/java.lang=ALL-UNNAMED --add-opens=java.base/java.lang.invoke=ALL-UNNAMED --add-opens=java.prefs/java.util.prefs=ALL-UNNAMED --add-exports=jdk.compiler/com.sun.tools.javac.api=ALL-UNNAMED --add-exports=jdk.compiler/com.sun.tools.javac.util=ALL-UNNAMED --add-opens=java.base/java.nio.charset=ALL-UNNAMED --add-opens=java.base/java.net=ALL-UNNAMED --add-opens=java.base/java.util.concurrent.atomic=ALL-UNNAMED -Xmx2048m -Dfile.encoding=UTF-8 -Duser.country=MY -Duser.language=en -Duser.variant -javaagent:C:\Users\USER\.gradle\wrapper\dists\gradle-8.9-bin\90cnw93cvbtalezasaz0blq0a\gradle-8.9\lib\agents\gradle-instrumentation-agent-8.9.jar org.gradle.launcher.daemon.bootstrap.GradleDaemon 8.9

Host: 11th Gen Intel(R) Core(TM) i5-1135G7 @ 2.40GHz, 8 cores, 11G,  Windows 11 , 64 bit Build 22621 (10.0.22621.3958)
Time: Tue Oct 15 19:40:22 2024 Malay Peninsula Standard Time elapsed time: 4.675883 seconds (0d 0h 0m 4s)

---------------  T H R E A D  ---------------

Current thread (0x000001af7ce0f9a0):  JavaThread "C2 CompilerThread1" daemon [_thread_in_native, id=8336, stack(0x00000061fb300000,0x00000061fb400000)]


Current CompileTask:
C2:   4676 2953   !   4       java.net.URL::<init> (543 bytes)

Stack: [0x00000061fb300000,0x00000061fb400000]
Native frames: (J=compiled Java code, j=interpreted, Vv=VM code, C=native code)
V  [jvm.dll+0x687bb9]
V  [jvm.dll+0x84142a]
V  [jvm.dll+0x8430ae]
V  [jvm.dll+0x843713]
V  [jvm.dll+0x24a35f]
V  [jvm.dll+0xac544]
V  [jvm.dll+0xacb8c]
V  [jvm.dll+0x369be2]
V  [jvm.dll+0x33416a]
V  [jvm.dll+0x33360a]
V  [jvm.dll+0x21bed1]
V  [jvm.dll+0x21b311]
V  [jvm.dll+0x1a63ed]
V  [jvm.dll+0x22b1ee]
V  [jvm.dll+0x229375]
V  [jvm.dll+0x7f5647]
V  [jvm.dll+0x7efa4a]
V  [jvm.dll+0x686a35]
C  [ucrtbase.dll+0x29333]
C  [KERNEL32.DLL+0x1257d]
C  [ntdll.dll+0x5af08]


---------------  P R O C E S S  ---------------

Threads class SMR info:
_java_thread_list=0x000001af7d026040, length=33, elements={
0x000001af5aedcc40, 0x000001af7900cf10, 0x000001af7900dad0, 0x000001af790630b0,
0x000001af79093870, 0x000001af79096150, 0x000001af79096a20, 0x000001af7909f630,
0x000001af790ad240, 0x000001af790af340, 0x000001af79212fe0, 0x000001af7931b010,
0x000001af79a36860, 0x000001af79a395f0, 0x000001af79a390e0, 0x000001af79a36350,
0x000001af79a36d70, 0x000001af79a37280, 0x000001af79a381b0, 0x000001af79a386c0,
0x000001af79a39b00, 0x000001af7b183d90, 0x000001af7b181f30, 0x000001af7b182440,
0x000001af7b181510, 0x000001af7ce0f9a0, 0x000001af7b17fbc0, 0x000001af7b17f6b0,
0x000001af7b1800d0, 0x000001af7b1805e0, 0x000001af7b181a20, 0x000001af7b181000,
0x000001af7b1856e0
}

Java Threads: ( => current thread )
  0x000001af5aedcc40 JavaThread "main" [_thread_blocked, id=31000, stack(0x00000061fa000000,0x00000061fa100000)]
  0x000001af7900cf10 JavaThread "Reference Handler" daemon [_thread_blocked, id=12876, stack(0x00000061fa700000,0x00000061fa800000)]
  0x000001af7900dad0 JavaThread "Finalizer" daemon [_thread_blocked, id=22648, stack(0x00000061fa800000,0x00000061fa900000)]
  0x000001af790630b0 JavaThread "Signal Dispatcher" daemon [_thread_blocked, id=29164, stack(0x00000061fa900000,0x00000061faa00000)]
  0x000001af79093870 JavaThread "Attach Listener" daemon [_thread_blocked, id=24988, stack(0x00000061faa00000,0x00000061fab00000)]
  0x000001af79096150 JavaThread "Service Thread" daemon [_thread_blocked, id=31344, stack(0x00000061fab00000,0x00000061fac00000)]
  0x000001af79096a20 JavaThread "Monitor Deflation Thread" daemon [_thread_blocked, id=29044, stack(0x00000061fac00000,0x00000061fad00000)]
  0x000001af7909f630 JavaThread "C2 CompilerThread0" daemon [_thread_in_native, id=21860, stack(0x00000061fad00000,0x00000061fae00000)]
  0x000001af790ad240 JavaThread "C1 CompilerThread0" daemon [_thread_in_native, id=21600, stack(0x00000061fae00000,0x00000061faf00000)]
  0x000001af790af340 JavaThread "Sweeper thread" daemon [_thread_blocked, id=21696, stack(0x00000061faf00000,0x00000061fb000000)]
  0x000001af79212fe0 JavaThread "Common-Cleaner" daemon [_thread_blocked, id=27780, stack(0x00000061fb000000,0x00000061fb100000)]
  0x000001af7931b010 JavaThread "Notification Thread" daemon [_thread_blocked, id=2176, stack(0x00000061fb100000,0x00000061fb200000)]
  0x000001af79a36860 JavaThread "Daemon health stats" [_thread_blocked, id=27984, stack(0x00000061fb800000,0x00000061fb900000)]
  0x000001af79a395f0 JavaThread "Incoming local TCP Connector on port 50442" [_thread_in_native, id=31200, stack(0x00000061fbc00000,0x00000061fbd00000)]
  0x000001af79a390e0 JavaThread "Daemon periodic checks" [_thread_blocked, id=26368, stack(0x00000061fbd00000,0x00000061fbe00000)]
  0x000001af79a36350 JavaThread "Daemon" [_thread_blocked, id=5008, stack(0x00000061fbe00000,0x00000061fbf00000)]
  0x000001af79a36d70 JavaThread "Handler for socket connection from /127.0.0.1:50442 to /127.0.0.1:50443" [_thread_in_native, id=8648, stack(0x00000061fbf00000,0x00000061fc000000)]
  0x000001af79a37280 JavaThread "Cancel handler" [_thread_blocked, id=6512, stack(0x00000061fc000000,0x00000061fc100000)]
  0x000001af79a381b0 JavaThread "Daemon worker" [_thread_in_Java, id=28952, stack(0x00000061fc100000,0x00000061fc200000)]
  0x000001af79a386c0 JavaThread "Asynchronous log dispatcher for DefaultDaemonConnection: socket connection from /127.0.0.1:50442 to /127.0.0.1:50443" [_thread_blocked, id=30684, stack(0x00000061fc200000,0x00000061fc300000)]
  0x000001af79a39b00 JavaThread "Stdin handler" [_thread_blocked, id=19060, stack(0x00000061fc300000,0x00000061fc400000)]
  0x000001af7b183d90 JavaThread "Daemon client event forwarder" [_thread_blocked, id=5652, stack(0x00000061fc400000,0x00000061fc500000)]
  0x000001af7b181f30 JavaThread "Cache worker for journal cache (C:\Users\USER\.gradle\caches\journal-1)" [_thread_blocked, id=8696, stack(0x00000061fc600000,0x00000061fc700000)]
  0x000001af7b182440 JavaThread "File lock request listener" [_thread_in_native, id=572, stack(0x00000061fc700000,0x00000061fc800000)]
  0x000001af7b181510 JavaThread "Cache worker for file hash cache (C:\Users\USER\.gradle\caches\8.9\fileHashes)" [_thread_blocked, id=8860, stack(0x00000061fc800000,0x00000061fc900000)]
=>0x000001af7ce0f9a0 JavaThread "C2 CompilerThread1" daemon [_thread_in_native, id=8336, stack(0x00000061fb300000,0x00000061fb400000)]
  0x000001af7b17fbc0 JavaThread "Cache worker for file hash cache (C:\Users\USER\AndroidStudioProjects\Assignment\.gradle\8.9\fileHashes)" [_thread_blocked, id=21180, stack(0x00000061fc900000,0x00000061fca00000)]
  0x000001af7b17f6b0 JavaThread "Cache worker for Build Output Cleanup Cache (C:\Users\USER\AndroidStudioProjects\Assignment\.gradle\buildOutputCleanup)" [_thread_blocked, id=33656, stack(0x00000061fca00000,0x00000061fcb00000)]
  0x000001af7b1800d0 JavaThread "File watcher server" daemon [_thread_in_native, id=29548, stack(0x00000061fcb00000,0x00000061fcc00000)]
  0x000001af7b1805e0 JavaThread "File watcher consumer" daemon [_thread_blocked, id=556, stack(0x00000061fcc00000,0x00000061fcd00000)]
  0x000001af7b181a20 JavaThread "Cache worker for checksums cache (C:\Users\USER\AndroidStudioProjects\Assignment\.gradle\8.9\checksums)" [_thread_blocked, id=24376, stack(0x00000061fcd00000,0x00000061fce00000)]
  0x000001af7b181000 JavaThread "Cache worker for file content cache (C:\Users\USER\.gradle\caches\8.9\fileContent)" [_thread_blocked, id=27756, stack(0x00000061fce00000,0x00000061fcf00000)]
  0x000001af7b1856e0 JavaThread "Cache worker for cache directory md-rule (C:\Users\USER\.gradle\caches\8.9\md-rule)" [_thread_blocked, id=27228, stack(0x00000061fcf00000,0x00000061fd000000)]

Other Threads:
  0x000001af7900b9d0 VMThread "VM Thread" [stack: 0x00000061fa600000,0x00000061fa700000] [id=32328]
  0x000001af5aede970 WatcherThread [stack: 0x00000061fb200000,0x00000061fb300000] [id=24852]
  0x000001af5af38910 GCTaskThread "GC Thread#0" [stack: 0x00000061fa100000,0x00000061fa200000] [id=30168]
  0x000001af79621a70 GCTaskThread "GC Thread#1" [stack: 0x00000061fb500000,0x00000061fb600000] [id=29492]
  0x000001af79ac8d00 GCTaskThread "GC Thread#2" [stack: 0x00000061fb600000,0x00000061fb700000] [id=30696]
  0x000001af79960330 GCTaskThread "GC Thread#3" [stack: 0x00000061fb700000,0x00000061fb800000] [id=33008]
  0x000001af7a30d450 GCTaskThread "GC Thread#4" [stack: 0x00000061fb400000,0x00000061fb500000] [id=21776]
  0x000001af79e4a780 GCTaskThread "GC Thread#5" [stack: 0x00000061fb900000,0x00000061fba00000] [id=12964]
  0x000001af79e4aa40 GCTaskThread "GC Thread#6" [stack: 0x00000061fba00000,0x00000061fbb00000] [id=28012]
  0x000001af7a4331c0 GCTaskThread "GC Thread#7" [stack: 0x00000061fbb00000,0x00000061fbc00000] [id=32008]
  0x000001af5af49700 ConcurrentGCThread "G1 Main Marker" [stack: 0x00000061fa200000,0x00000061fa300000] [id=8836]
  0x000001af5af49fc0 ConcurrentGCThread "G1 Conc#0" [stack: 0x00000061fa300000,0x00000061fa400000] [id=20832]
  0x000001af7b3df3e0 ConcurrentGCThread "G1 Conc#1" [stack: 0x00000061fc500000,0x00000061fc600000] [id=32704]
  0x000001af5af8d6a0 ConcurrentGCThread "G1 Refine#0" [stack: 0x00000061fa400000,0x00000061fa500000] [id=4760]
  0x000001af7c9e91e0 ConcurrentGCThread "G1 Refine#1" [stack: 0x00000061fd000000,0x00000061fd100000] [id=26768]
  0x000001af5af8df70 ConcurrentGCThread "G1 Service" [stack: 0x00000061fa500000,0x00000061fa600000] [id=28912]

Threads with active compile tasks:
C2 CompilerThread0     4704 3038       4       java.lang.Class::annotationData (44 bytes)
C1 CompilerThread0     4704 3078       3       java.lang.invoke.MemberName::equals (69 bytes)
C2 CompilerThread1     4704 2953   !   4       java.net.URL::<init> (543 bytes)

VM state: not at safepoint (normal execution)

VM Mutex/Monitor currently owned by a thread: None

Heap address: 0x0000000080000000, size: 2048 MB, Compressed Oops mode: 32-bit

CDS archive(s) not mapped
Compressed class space mapped at: 0x0000000100000000-0x0000000140000000, reserved size: 1073741824
Narrow klass base: 0x0000000000000000, Narrow klass shift: 3, Narrow klass range: 0x140000000

GC Precious Log:
 CPUs: 8 total, 8 available
 Memory: 11982M
 Large Page Support: Disabled
 NUMA Support: Disabled
 Compressed Oops: Enabled (32-bit)
 Heap Region Size: 1M
 Heap Min Capacity: 8M
 Heap Initial Capacity: 188M
 Heap Max Capacity: 2G
 Pre-touch: Disabled
 Parallel Workers: 8
 Concurrent Workers: 2
 Concurrent Refinement Workers: 8
 Periodic GC: Disabled

Heap:
 garbage-first heap   total 78848K, used 27284K [0x0000000080000000, 0x0000000100000000)
  region size 1024K, 6 young (6144K), 4 survivors (4096K)
 Metaspace       used 34864K, committed 35264K, reserved 1114112K
  class space    used 4744K, committed 4928K, reserved 1048576K

Heap Regions: E=young(eden), S=young(survivor), O=old, HS=humongous(starts), HC=humongous(continues), CS=collection set, F=free, OA=open archive, CA=closed archive, TAMS=top-at-mark-start (previous, next)
|   0|0x0000000080000000, 0x0000000080100000, 0x0000000080100000|100%|HS|  |TAMS 0x0000000080100000, 0x0000000080000000| Complete 
|   1|0x0000000080100000, 0x0000000080200000, 0x0000000080200000|100%|HC|  |TAMS 0x0000000080200000, 0x0000000080100000| Complete 
|   2|0x0000000080200000, 0x0000000080300000, 0x0000000080300000|100%|HC|  |TAMS 0x0000000080300000, 0x0000000080200000| Complete 
|   3|0x0000000080300000, 0x0000000080400000, 0x0000000080400000|100%|HC|  |TAMS 0x0000000080400000, 0x0000000080300000| Complete 
|   4|0x0000000080400000, 0x0000000080500000, 0x0000000080500000|100%| O|  |TAMS 0x0000000080500000, 0x0000000080400000| Untracked 
|   5|0x0000000080500000, 0x0000000080600000, 0x0000000080600000|100%| O|  |TAMS 0x0000000080600000, 0x0000000080500000| Untracked 
|   6|0x0000000080600000, 0x0000000080700000, 0x0000000080700000|100%| O|  |TAMS 0x0000000080700000, 0x0000000080600000| Untracked 
|   7|0x0000000080700000, 0x0000000080800000, 0x0000000080800000|100%| O|  |TAMS 0x0000000080800000, 0x0000000080700000| Untracked 
|   8|0x0000000080800000, 0x0000000080900000, 0x0000000080900000|100%| O|  |TAMS 0x0000000080900000, 0x0000000080800000| Untracked 
|   9|0x0000000080900000, 0x0000000080a00000, 0x0000000080a00000|100%| O|  |TAMS 0x0000000080a00000, 0x0000000080900000| Untracked 
|  10|0x0000000080a00000, 0x0000000080b00000, 0x0000000080b00000|100%|HS|  |TAMS 0x0000000080b00000, 0x0000000080a00000| Complete 
|  11|0x0000000080b00000, 0x0000000080c00000, 0x0000000080c00000|100%| O|  |TAMS 0x0000000080b00000, 0x0000000080b00000| Untracked 
|  12|0x0000000080c00000, 0x0000000080c39200, 0x0000000080d00000| 22%| O|  |TAMS 0x0000000080c39200, 0x0000000080c00000| Untracked 
|  13|0x0000000080d00000, 0x0000000080e00000, 0x0000000080e00000|100%| O|  |TAMS 0x0000000080d00000, 0x0000000080d00000| Untracked 
|  14|0x0000000080e00000, 0x0000000080f00000, 0x0000000080f00000|100%| O|  |TAMS 0x0000000080e00000, 0x0000000080e00000| Untracked 
|  15|0x0000000080f00000, 0x0000000081000000, 0x0000000081000000|100%| O|  |TAMS 0x0000000080f00000, 0x0000000080f00000| Untracked 
|  16|0x0000000081000000, 0x0000000081100000, 0x0000000081100000|100%| O|  |TAMS 0x0000000081000000, 0x0000000081000000| Untracked 
|  17|0x0000000081100000, 0x0000000081200000, 0x0000000081200000|100%| O|  |TAMS 0x0000000081100000, 0x0000000081100000| Untracked 
|  18|0x0000000081200000, 0x0000000081300000, 0x0000000081300000|100%| O|  |TAMS 0x0000000081200000, 0x0000000081200000| Untracked 
|  19|0x0000000081300000, 0x0000000081400000, 0x0000000081400000|100%| O|  |TAMS 0x0000000081300000, 0x0000000081300000| Untracked 
|  20|0x0000000081400000, 0x0000000081500000, 0x0000000081500000|100%| O|  |TAMS 0x0000000081400000, 0x0000000081400000| Untracked 
|  21|0x0000000081500000, 0x0000000081600000, 0x0000000081600000|100%| O|  |TAMS 0x0000000081500000, 0x0000000081500000| Untracked 
|  22|0x0000000081600000, 0x00000000816f2200, 0x0000000081700000| 94%| O|  |TAMS 0x0000000081600000, 0x0000000081600000| Untracked 
|  23|0x0000000081700000, 0x0000000081700000, 0x0000000081800000|  0%| F|  |TAMS 0x0000000081700000, 0x0000000081700000| Untracked 
|  24|0x0000000081800000, 0x0000000081800000, 0x0000000081900000|  0%| F|  |TAMS 0x0000000081800000, 0x0000000081800000| Untracked 
|  25|0x0000000081900000, 0x0000000081900000, 0x0000000081a00000|  0%| F|  |TAMS 0x0000000081900000, 0x0000000081900000| Untracked 
|  26|0x0000000081a00000, 0x0000000081a00000, 0x0000000081b00000|  0%| F|  |TAMS 0x0000000081a00000, 0x0000000081a00000| Untracked 
|  27|0x0000000081b00000, 0x0000000081b00000, 0x0000000081c00000|  0%| F|  |TAMS 0x0000000081b00000, 0x0000000081b00000| Untracked 
|  28|0x0000000081c00000, 0x0000000081c00000, 0x0000000081d00000|  0%| F|  |TAMS 0x0000000081c00000, 0x0000000081c00000| Untracked 
|  29|0x0000000081d00000, 0x0000000081d00000, 0x0000000081e00000|  0%| F|  |TAMS 0x0000000081d00000, 0x0000000081d00000| Untracked 
|  30|0x0000000081e00000, 0x0000000081e00000, 0x0000000081f00000|  0%| F|  |TAMS 0x0000000081e00000, 0x0000000081e00000| Untracked 
|  31|0x0000000081f00000, 0x0000000081f00000, 0x0000000082000000|  0%| F|  |TAMS 0x0000000081f00000, 0x0000000081f00000| Untracked 
|  32|0x0000000082000000, 0x0000000082000000, 0x0000000082100000|  0%| F|  |TAMS 0x0000000082000000, 0x0000000082000000| Untracked 
|  33|0x0000000082100000, 0x0000000082100000, 0x0000000082200000|  0%| F|  |TAMS 0x0000000082100000, 0x0000000082100000| Untracked 
|  34|0x0000000082200000, 0x0000000082200000, 0x0000000082300000|  0%| F|  |TAMS 0x0000000082200000, 0x0000000082200000| Untracked 
|  35|0x0000000082300000, 0x0000000082300000, 0x0000000082400000|  0%| F|  |TAMS 0x0000000082300000, 0x0000000082300000| Untracked 
|  36|0x0000000082400000, 0x0000000082400000, 0x0000000082500000|  0%| F|  |TAMS 0x0000000082400000, 0x0000000082400000| Untracked 
|  37|0x0000000082500000, 0x0000000082579f00, 0x0000000082600000| 47%| S|CS|TAMS 0x0000000082500000, 0x0000000082500000| Complete 
|  38|0x0000000082600000, 0x0000000082700000, 0x0000000082700000|100%| S|CS|TAMS 0x0000000082600000, 0x0000000082600000| Complete 
|  39|0x0000000082700000, 0x0000000082800000, 0x0000000082800000|100%| S|CS|TAMS 0x0000000082700000, 0x0000000082700000| Complete 
|  40|0x0000000082800000, 0x0000000082900000, 0x0000000082900000|100%| S|CS|TAMS 0x0000000082800000, 0x0000000082800000| Complete 
|  41|0x0000000082900000, 0x0000000082900000, 0x0000000082a00000|  0%| F|  |TAMS 0x0000000082900000, 0x0000000082900000| Untracked 
|  42|0x0000000082a00000, 0x0000000082a00000, 0x0000000082b00000|  0%| F|  |TAMS 0x0000000082a00000, 0x0000000082a00000| Untracked 
|  43|0x0000000082b00000, 0x0000000082b00000, 0x0000000082c00000|  0%| F|  |TAMS 0x0000000082b00000, 0x0000000082b00000| Untracked 
|  44|0x0000000082c00000, 0x0000000082c00000, 0x0000000082d00000|  0%| F|  |TAMS 0x0000000082c00000, 0x0000000082c00000| Untracked 
|  45|0x0000000082d00000, 0x0000000082d00000, 0x0000000082e00000|  0%| F|  |TAMS 0x0000000082d00000, 0x0000000082d00000| Untracked 
|  46|0x0000000082e00000, 0x0000000082e00000, 0x0000000082f00000|  0%| F|  |TAMS 0x0000000082e00000, 0x0000000082e00000| Untracked 
|  47|0x0000000082f00000, 0x0000000082f00000, 0x0000000083000000|  0%| F|  |TAMS 0x0000000082f00000, 0x0000000082f00000| Untracked 
|  48|0x0000000083000000, 0x0000000083000000, 0x0000000083100000|  0%| F|  |TAMS 0x0000000083000000, 0x0000000083000000| Untracked 
|  49|0x0000000083100000, 0x0000000083100000, 0x0000000083200000|  0%| F|  |TAMS 0x0000000083100000, 0x0000000083100000| Untracked 
|  50|0x0000000083200000, 0x0000000083200000, 0x0000000083300000|  0%| F|  |TAMS 0x0000000083200000, 0x0000000083200000| Untracked 
|  51|0x0000000083300000, 0x0000000083300000, 0x0000000083400000|  0%| F|  |TAMS 0x0000000083300000, 0x0000000083300000| Untracked 
|  52|0x0000000083400000, 0x0000000083400000, 0x0000000083500000|  0%| F|  |TAMS 0x0000000083400000, 0x0000000083400000| Untracked 
|  53|0x0000000083500000, 0x0000000083500000, 0x0000000083600000|  0%| F|  |TAMS 0x0000000083500000, 0x0000000083500000| Untracked 
|  54|0x0000000083600000, 0x0000000083600000, 0x0000000083700000|  0%| F|  |TAMS 0x0000000083600000, 0x0000000083600000| Untracked 
|  55|0x0000000083700000, 0x0000000083700000, 0x0000000083800000|  0%| F|  |TAMS 0x0000000083700000, 0x0000000083700000| Untracked 
|  56|0x0000000083800000, 0x0000000083800000, 0x0000000083900000|  0%| F|  |TAMS 0x0000000083800000, 0x0000000083800000| Untracked 
|  57|0x0000000083900000, 0x0000000083900000, 0x0000000083a00000|  0%| F|  |TAMS 0x0000000083900000, 0x0000000083900000| Untracked 
|  58|0x0000000083a00000, 0x0000000083a00000, 0x0000000083b00000|  0%| F|  |TAMS 0x0000000083a00000, 0x0000000083a00000| Untracked 
|  59|0x0000000083b00000, 0x0000000083b00000, 0x0000000083c00000|  0%| F|  |TAMS 0x0000000083b00000, 0x0000000083b00000| Untracked 
|  60|0x0000000083c00000, 0x0000000083c00000, 0x0000000083d00000|  0%| F|  |TAMS 0x0000000083c00000, 0x0000000083c00000| Untracked 
|  61|0x0000000083d00000, 0x0000000083d00000, 0x0000000083e00000|  0%| F|  |TAMS 0x0000000083d00000, 0x0000000083d00000| Untracked 
|  62|0x0000000083e00000, 0x0000000083e00000, 0x0000000083f00000|  0%| F|  |TAMS 0x0000000083e00000, 0x0000000083e00000| Untracked 
|  63|0x0000000083f00000, 0x0000000083f00000, 0x0000000084000000|  0%| F|  |TAMS 0x0000000083f00000, 0x0000000083f00000| Untracked 
|  64|0x0000000084000000, 0x0000000084000000, 0x0000000084100000|  0%| F|  |TAMS 0x0000000084000000, 0x0000000084000000| Untracked 
|  65|0x0000000084100000, 0x0000000084100000, 0x0000000084200000|  0%| F|  |TAMS 0x0000000084100000, 0x0000000084100000| Untracked 
| 157|0x0000000089d00000, 0x0000000089d00000, 0x0000000089e00000|  0%| F|  |TAMS 0x0000000089d00000, 0x0000000089d00000| Untracked 
| 158|0x0000000089e00000, 0x0000000089e00000, 0x0000000089f00000|  0%| F|  |TAMS 0x0000000089e00000, 0x0000000089e00000| Untracked 
| 159|0x0000000089f00000, 0x0000000089f00000, 0x000000008a000000|  0%| F|  |TAMS 0x0000000089f00000, 0x0000000089f00000| Untracked 
| 160|0x000000008a000000, 0x000000008a000000, 0x000000008a100000|  0%| F|  |TAMS 0x000000008a000000, 0x000000008a000000| Untracked 
| 161|0x000000008a100000, 0x000000008a100000, 0x000000008a200000|  0%| F|  |TAMS 0x000000008a100000, 0x000000008a100000| Untracked 
| 162|0x000000008a200000, 0x000000008a200000, 0x000000008a300000|  0%| F|  |TAMS 0x000000008a200000, 0x000000008a200000| Untracked 
| 163|0x000000008a300000, 0x000000008a300000, 0x000000008a400000|  0%| F|  |TAMS 0x000000008a300000, 0x000000008a300000| Untracked 
| 164|0x000000008a400000, 0x000000008a400000, 0x000000008a500000|  0%| F|  |TAMS 0x000000008a400000, 0x000000008a400000| Untracked 
| 165|0x000000008a500000, 0x000000008a500000, 0x000000008a600000|  0%| F|  |TAMS 0x000000008a500000, 0x000000008a500000| Untracked 
| 166|0x000000008a600000, 0x000000008a680800, 0x000000008a700000|100%| E|  |TAMS 0x000000008a600000, 0x000000008a600000| Complete 
| 187|0x000000008bb00000, 0x000000008bc00000, 0x000000008bc00000|100%| E|CS|TAMS 0x000000008bb00000, 0x000000008bb00000| Complete 

Card table byte_map: [0x000001af6dae0000,0x000001af6dee0000] _byte_map_base: 0x000001af6d6e0000

Marking Bits (Prev, Next): (CMBitMap*) 0x000001af5af38e10, (CMBitMap*) 0x000001af5af38dd0
 Prev Bits: [0x000001af702e0000, 0x000001af722e0000)
 Next Bits: [0x000001af6e2e0000, 0x000001af702e0000)

Polling page: 0x000001af58e70000

Metaspace:

Usage:
  Non-class:     29.43 MB used.
      Class:      4.64 MB used.
       Both:     34.06 MB used.

Virtual space:
  Non-class space:       64.00 MB reserved,      29.62 MB ( 46%) committed,  1 nodes.
      Class space:        1.00 GB reserved,       4.81 MB ( <1%) committed,  1 nodes.
             Both:        1.06 GB reserved,      34.44 MB (  3%) committed. 

Chunk freelists:
   Non-Class:  1.78 MB
       Class:  11.22 MB
        Both:  13.00 MB

MaxMetaspaceSize: unlimited
CompressedClassSpaceSize: 1.00 GB
Initial GC threshold: 21.00 MB
Current GC threshold: 35.12 MB
CDS: off
MetaspaceReclaimPolicy: balanced
 - commit_granule_bytes: 65536.
 - commit_granule_words: 8192.
 - virtual_space_node_default_size: 8388608.
 - enlarge_chunks_in_place: 1.
 - new_chunks_are_fully_committed: 0.
 - uncommit_free_chunks: 1.
 - use_allocation_guard: 0.
 - handle_deallocations: 1.


Internal statistics:

num_allocs_failed_limit: 3.
num_arena_births: 320.
num_arena_deaths: 0.
num_vsnodes_births: 2.
num_vsnodes_deaths: 0.
num_space_committed: 551.
num_space_uncommitted: 0.
num_chunks_returned_to_freelist: 3.
num_chunks_taken_from_freelist: 1311.
num_chunk_merges: 3.
num_chunk_splits: 855.
num_chunks_enlarged: 595.
num_inconsistent_stats: 0.

CodeHeap 'non-profiled nmethods': size=120000Kb used=1797Kb max_used=1797Kb free=118202Kb
 bounds [0x000001af65e80000, 0x000001af660f0000, 0x000001af6d3b0000]
CodeHeap 'profiled nmethods': size=120000Kb used=6478Kb max_used=6478Kb free=113521Kb
 bounds [0x000001af5e3b0000, 0x000001af5ea10000, 0x000001af658e0000]
CodeHeap 'non-nmethods': size=5760Kb used=1260Kb max_used=1348Kb free=4499Kb
 bounds [0x000001af658e0000, 0x000001af65b50000, 0x000001af65e80000]
 total_blobs=3630 nmethods=3072 adapters=470
 compilation: enabled
              stopped_count=0, restarted_count=0
 full_count=0

Compilation events (20 events):
Event: 4.650 Thread 0x000001af790ad240 3031       3       org.gradle.internal.instantiation.generator.AbstractClassGenerator$PropertyMetadata::backingFieldAnnotationOf (20 bytes)
Event: 4.651 Thread 0x000001af790ad240 nmethod 3031 0x000001af5e9e0310 code [0x000001af5e9e0540, 0x000001af5e9e0ca8]
Event: 4.651 Thread 0x000001af790ad240 3032       3       org.gradle.internal.instantiation.generator.AbstractClassGenerator$PropertyMetadata$$Lambda$129/0x000000010029af78::<init> (15 bytes)
Event: 4.651 Thread 0x000001af790ad240 nmethod 3032 0x000001af5e9e0f10 code [0x000001af5e9e10c0, 0x000001af5e9e12d8]
Event: 4.651 Thread 0x000001af790ad240 3034       1       com.google.common.collect.LinkedHashMultimap$ValueSet::size (5 bytes)
Event: 4.651 Thread 0x000001af790ad240 nmethod 3034 0x000001af6603ab90 code [0x000001af6603ad20, 0x000001af6603adf8]
Event: 4.651 Thread 0x000001af790ad240 3035       1       com.google.common.collect.LinkedHashMultimap$ValueSet::access$100 (5 bytes)
Event: 4.651 Thread 0x000001af790ad240 nmethod 3035 0x000001af6603ae90 code [0x000001af6603b020, 0x000001af6603b0d8]
Event: 4.651 Thread 0x000001af790ad240 3033       3       java.util.Spliterators$ArraySpliterator::tryAdvance (58 bytes)
Event: 4.651 Thread 0x000001af790ad240 nmethod 3033 0x000001af5e9e1390 code [0x000001af5e9e1560, 0x000001af5e9e1918]
Event: 4.652 Thread 0x000001af790ad240 3036       3       java.lang.invoke.MethodHandle::asTypeUncached (59 bytes)
Event: 4.653 Thread 0x000001af790ad240 nmethod 3036 0x000001af5e9e1a90 code [0x000001af5e9e1d60, 0x000001af5e9e28d8]
Event: 4.653 Thread 0x000001af790ad240 3037       3       java.lang.invoke.MethodType::isConvertibleTo (164 bytes)
Event: 4.653 Thread 0x000001af790ad240 nmethod 3037 0x000001af5e9e2d90 code [0x000001af5e9e2fe0, 0x000001af5e9e3968]
Event: 4.666 Thread 0x000001af790ad240 3039       3       java.util.concurrent.locks.ReentrantLock::lock (8 bytes)
Event: 4.666 Thread 0x000001af790ad240 nmethod 3039 0x000001af5e9e3c10 code [0x000001af5e9e3dc0, 0x000001af5e9e4078]
Event: 4.666 Thread 0x000001af790ad240 3040       3       java.util.concurrent.locks.ReentrantLock$Sync::lock (13 bytes)
Event: 4.666 Thread 0x000001af790ad240 nmethod 3040 0x000001af5e9e4190 code [0x000001af5e9e4340, 0x000001af5e9e4578]
Event: 4.668 Thread 0x000001af790ad240 3041       3       com.google.common.cache.LocalCache::usesAccessQueue (20 bytes)
Event: 4.668 Thread 0x000001af790ad240 nmethod 3041 0x000001af5e9e4610 code [0x000001af5e9e47c0, 0x000001af5e9e4b18]

GC Heap History (12 events):
Event: 0.526 GC heap before
{Heap before GC invocations=0 (full 0):
 garbage-first heap   total 192512K, used 26624K [0x0000000080000000, 0x0000000100000000)
  region size 1024K, 23 young (23552K), 0 survivors (0K)
 Metaspace       used 7789K, committed 7936K, reserved 1114112K
  class space    used 674K, committed 768K, reserved 1048576K
}
Event: 0.529 GC heap after
{Heap after GC invocations=1 (full 0):
 garbage-first heap   total 192512K, used 10512K [0x0000000080000000, 0x0000000100000000)
  region size 1024K, 3 young (3072K), 3 survivors (3072K)
 Metaspace       used 7789K, committed 7936K, reserved 1114112K
  class space    used 674K, committed 768K, reserved 1048576K
}
Event: 1.323 GC heap before
{Heap before GC invocations=1 (full 0):
 garbage-first heap   total 192512K, used 39184K [0x0000000080000000, 0x0000000100000000)
  region size 1024K, 31 young (31744K), 3 survivors (3072K)
 Metaspace       used 11773K, committed 11968K, reserved 1114112K
  class space    used 1245K, committed 1344K, reserved 1048576K
}
Event: 1.327 GC heap after
{Heap after GC invocations=2 (full 0):
 garbage-first heap   total 192512K, used 11799K [0x0000000080000000, 0x0000000100000000)
  region size 1024K, 2 young (2048K), 2 survivors (2048K)
 Metaspace       used 11773K, committed 11968K, reserved 1114112K
  class space    used 1245K, committed 1344K, reserved 1048576K
}
Event: 2.363 GC heap before
{Heap before GC invocations=2 (full 0):
 garbage-first heap   total 192512K, used 68119K [0x0000000080000000, 0x0000000100000000)
  region size 1024K, 55 young (56320K), 2 survivors (2048K)
 Metaspace       used 16135K, committed 16320K, reserved 1114112K
  class space    used 1818K, committed 1920K, reserved 1048576K
}
Event: 2.368 GC heap after
{Heap after GC invocations=3 (full 0):
 garbage-first heap   total 192512K, used 18660K [0x0000000080000000, 0x0000000100000000)
  region size 1024K, 7 young (7168K), 7 survivors (7168K)
 Metaspace       used 16135K, committed 16320K, reserved 1114112K
  class space    used 1818K, committed 1920K, reserved 1048576K
}
Event: 3.070 GC heap before
{Heap before GC invocations=3 (full 0):
 garbage-first heap   total 192512K, used 39140K [0x0000000080000000, 0x0000000100000000)
  region size 1024K, 28 young (28672K), 7 survivors (7168K)
 Metaspace       used 21264K, committed 21504K, reserved 1114112K
  class space    used 2490K, committed 2624K, reserved 1048576K
}
Event: 3.075 GC heap after
{Heap after GC invocations=4 (full 0):
 garbage-first heap   total 192512K, used 20812K [0x0000000080000000, 0x0000000100000000)
  region size 1024K, 10 young (10240K), 10 survivors (10240K)
 Metaspace       used 21264K, committed 21504K, reserved 1114112K
  class space    used 2490K, committed 2624K, reserved 1048576K
}
Event: 3.770 GC heap before
{Heap before GC invocations=5 (full 0):
 garbage-first heap   total 78848K, used 56652K [0x0000000080000000, 0x0000000100000000)
  region size 1024K, 46 young (47104K), 10 survivors (10240K)
 Metaspace       used 26674K, committed 26944K, reserved 1114112K
  class space    used 3397K, committed 3520K, reserved 1048576K
}
Event: 3.774 GC heap after
{Heap after GC invocations=6 (full 0):
 garbage-first heap   total 78848K, used 22974K [0x0000000080000000, 0x0000000100000000)
  region size 1024K, 5 young (5120K), 5 survivors (5120K)
 Metaspace       used 26674K, committed 26944K, reserved 1114112K
  class space    used 3397K, committed 3520K, reserved 1048576K
}
Event: 4.261 GC heap before
{Heap before GC invocations=6 (full 0):
 garbage-first heap   total 78848K, used 54718K [0x0000000080000000, 0x0000000100000000)
  region size 1024K, 37 young (37888K), 5 survivors (5120K)
 Metaspace       used 30682K, committed 31040K, reserved 1114112K
  class space    used 4064K, committed 4224K, reserved 1048576K
}
Event: 4.264 GC heap after
{Heap after GC invocations=7 (full 0):
 garbage-first heap   total 78848K, used 24811K [0x0000000080000000, 0x0000000100000000)
  region size 1024K, 4 young (4096K), 4 survivors (4096K)
 Metaspace       used 30682K, committed 31040K, reserved 1114112K
  class space    used 4064K, committed 4224K, reserved 1048576K
}

Dll operation events (3 events):
Event: 0.016 Loaded shared library C:\Program Files\Android\Android Studio\jbr\bin\java.dll
Event: 0.117 Loaded shared library C:\Program Files\Android\Android Studio\jbr\bin\zip.dll
Event: 0.547 Loaded shared library C:\Program Files\Android\Android Studio\jbr\bin\verify.dll

Deoptimization events (20 events):
Event: 4.374 Thread 0x000001af79a381b0 Uncommon trap: trap_request=0xffffff45 fr.pc=0x000001af65f695f0 relative=0x00000000000005d0
Event: 4.374 Thread 0x000001af79a381b0 Uncommon trap: reason=unstable_if action=reinterpret pc=0x000001af65f695f0 method=java.util.Properties$LineReader.readLine()I @ 95 c2
Event: 4.374 Thread 0x000001af79a381b0 DEOPT PACKING pc=0x000001af65f695f0 sp=0x00000061fc1fb170
Event: 4.374 Thread 0x000001af79a381b0 DEOPT UNPACKING pc=0x000001af6593a1a3 sp=0x00000061fc1fb120 mode 2
Event: 4.544 Thread 0x000001af79a381b0 Uncommon trap: trap_request=0xffffff3d fr.pc=0x000001af65f7d798 relative=0x0000000000002938
Event: 4.544 Thread 0x000001af79a381b0 Uncommon trap: reason=unstable_fused_if action=reinterpret pc=0x000001af65f7d798 method=java.io.WinNTFileSystem.isLetter(C)Z @ 3 c2
Event: 4.544 Thread 0x000001af79a381b0 DEOPT PACKING pc=0x000001af65f7d798 sp=0x00000061fc1f8110
Event: 4.544 Thread 0x000001af79a381b0 DEOPT UNPACKING pc=0x000001af6593a1a3 sp=0x00000061fc1f8000 mode 2
Event: 4.545 Thread 0x000001af79a381b0 Uncommon trap: trap_request=0xffffff45 fr.pc=0x000001af65eb7a64 relative=0x0000000000000064
Event: 4.545 Thread 0x000001af79a381b0 Uncommon trap: reason=unstable_if action=reinterpret pc=0x000001af65eb7a64 method=java.io.WinNTFileSystem.isSlash(C)Z @ 9 c2
Event: 4.545 Thread 0x000001af79a381b0 DEOPT PACKING pc=0x000001af65eb7a64 sp=0x00000061fc1f80f0
Event: 4.545 Thread 0x000001af79a381b0 DEOPT UNPACKING pc=0x000001af6593a1a3 sp=0x00000061fc1f8078 mode 2
Event: 4.603 Thread 0x000001af79a381b0 Uncommon trap: trap_request=0xffffff45 fr.pc=0x000001af65ecc4e8 relative=0x00000000000005a8
Event: 4.603 Thread 0x000001af79a381b0 Uncommon trap: reason=unstable_if action=reinterpret pc=0x000001af65ecc4e8 method=java.util.HashMap.hash(Ljava/lang/Object;)I @ 1 c2
Event: 4.603 Thread 0x000001af79a381b0 DEOPT PACKING pc=0x000001af65ecc4e8 sp=0x00000061fc1f7830
Event: 4.603 Thread 0x000001af79a381b0 DEOPT UNPACKING pc=0x000001af6593a1a3 sp=0x00000061fc1f76d8 mode 2
Event: 4.616 Thread 0x000001af79a381b0 Uncommon trap: trap_request=0xffffffcc fr.pc=0x000001af660366d4 relative=0x0000000000000334
Event: 4.616 Thread 0x000001af79a381b0 Uncommon trap: reason=intrinsic_or_type_checked_inlining action=make_not_entrant pc=0x000001af660366d4 method=java.util.Arrays.copyOf([Ljava/lang/Object;ILjava/lang/Class;)[Ljava/lang/Object; @ 35 c2
Event: 4.616 Thread 0x000001af79a381b0 DEOPT PACKING pc=0x000001af660366d4 sp=0x00000061fc1f8100
Event: 4.616 Thread 0x000001af79a381b0 DEOPT UNPACKING pc=0x000001af6593a1a3 sp=0x00000061fc1f8090 mode 2

Classes unloaded (0 events):
No events

Classes redefined (0 events):
No events

Internal exceptions (20 events):
Event: 4.189 Thread 0x000001af79a381b0 Exception <a 'java/lang/NoSuchMethodError'{0x000000008338ada0}: 'java.lang.Object java.lang.invoke.DirectMethodHandle$Holder.invokeStatic(java.lang.Object, java.lang.Object, java.lang.Object, java.lang.Object, java.lang.Object, java.lang.Object, java.lang.Object, java.lang.Object, java.lang.Object, java.lang.Object, java.lang.Object, java.lang.Object, java.lang.Object, java.lang.Object, java.lang.Object, java.lang.Object, java.lang.Object, java.lang.Object)'> (0x000000008338ada0) 
thrown [s\src\hotspot\sha
Event: 4.191 Thread 0x000001af79a381b0 Exception <a 'java/lang/NoSuchMethodError'{0x00000000833b5308}: 'java.lang.Object java.lang.invoke.DirectMethodHandle$Holder.invokeStatic(java.lang.Object, java.lang.Object, java.lang.Object, java.lang.Object, java.lang.Object, java.lang.Object, java.lang.Object, java.lang.Object, java.lang.Object, java.lang.Object, java.lang.Object, java.lang.Object, java.lang.Object, java.lang.Object, java.lang.Object, java.lang.Object, java.lang.Object, java.lang.Object, java.lang.Object)'> (0x00000000833b5308) 
thrown 
Event: 4.192 Thread 0x000001af79a381b0 Exception <a 'java/lang/NoSuchMethodError'{0x00000000833e0f50}: 'java.lang.Object java.lang.invoke.DirectMethodHandle$Holder.invokeStatic(java.lang.Object, java.lang.Object, java.lang.Object, java.lang.Object, java.lang.Object, java.lang.Object, java.lang.Object, java.lang.Object, java.lang.Object, java.lang.Object, java.lang.Object, java.lang.Object, java.lang.Object, java.lang.Object, java.lang.Object, java.lang.Object, java.lang.Object, java.lang.Object, java.lang.Object, java.lang.Object)'> (0x00000000
Event: 4.195 Thread 0x000001af79a381b0 Exception <a 'java/lang/NoSuchMethodError'{0x000000008320d7d8}: 'java.lang.Object java.lang.invoke.DirectMethodHandle$Holder.invokeStatic(java.lang.Object, java.lang.Object, java.lang.Object, java.lang.Object, java.lang.Object, java.lang.Object, java.lang.Object, java.lang.Object, java.lang.Object, java.lang.Object, java.lang.Object, java.lang.Object, java.lang.Object, java.lang.Object, java.lang.Object, java.lang.Object, java.lang.Object, java.lang.Object, java.lang.Object, java.lang.Object, java.lang.Obj
Event: 4.196 Thread 0x000001af79a381b0 Exception <a 'java/lang/NoSuchMethodError'{0x000000008323acb0}: 'java.lang.Object java.lang.invoke.DirectMethodHandle$Holder.invokeStatic(java.lang.Object, java.lang.Object, java.lang.Object, java.lang.Object, java.lang.Object, java.lang.Object, java.lang.Object, java.lang.Object, java.lang.Object, java.lang.Object, java.lang.Object, java.lang.Object, java.lang.Object, java.lang.Object, java.lang.Object, java.lang.Object, java.lang.Object, java.lang.Object, java.lang.Object, java.lang.Object, java.lang.Obj
Event: 4.198 Thread 0x000001af79a381b0 Exception <a 'java/lang/NoSuchMethodError'{0x0000000083269470}: 'java.lang.Object java.lang.invoke.DirectMethodHandle$Holder.invokeStatic(java.lang.Object, java.lang.Object, java.lang.Object, java.lang.Object, java.lang.Object, java.lang.Object, java.lang.Object, java.lang.Object, java.lang.Object, java.lang.Object, java.lang.Object, java.lang.Object, java.lang.Object, java.lang.Object, java.lang.Object, java.lang.Object, java.lang.Object, java.lang.Object, java.lang.Object, java.lang.Object, java.lang.Obj
Event: 4.200 Thread 0x000001af79a381b0 Exception <a 'java/lang/NoSuchMethodError'{0x00000000832984a0}: 'java.lang.Object java.lang.invoke.DirectMethodHandle$Holder.invokeStatic(java.lang.Object, java.lang.Object, java.lang.Object, java.lang.Object, java.lang.Object, java.lang.Object, java.lang.Object, java.lang.Object, java.lang.Object, java.lang.Object, java.lang.Object, java.lang.Object, java.lang.Object, java.lang.Object, java.lang.Object, java.lang.Object, java.lang.Object, java.lang.Object, java.lang.Object, java.lang.Object, java.lang.Obj
Event: 4.202 Thread 0x000001af79a381b0 Exception <a 'java/lang/NoSuchMethodError'{0x00000000832ca738}: 'java.lang.Object java.lang.invoke.DirectMethodHandle$Holder.invokeStatic(java.lang.Object, java.lang.Object, java.lang.Object, java.lang.Object, java.lang.Object, java.lang.Object, java.lang.Object, java.lang.Object, java.lang.Object, java.lang.Object, java.lang.Object, java.lang.Object, java.lang.Object, java.lang.Object, java.lang.Object, java.lang.Object, java.lang.Object, java.lang.Object, java.lang.Object, java.lang.Object, java.lang.Obj
Event: 4.204 Thread 0x000001af79a381b0 Exception <a 'java/lang/NoSuchMethodError'{0x00000000832fcbc8}: 'java.lang.Object java.lang.invoke.DirectMethodHandle$Holder.invokeStatic(java.lang.Object, java.lang.Object, java.lang.Object, java.lang.Object, java.lang.Object, java.lang.Object, java.lang.Object, java.lang.Object, java.lang.Object, java.lang.Object, java.lang.Object, java.lang.Object, java.lang.Object, java.lang.Object, java.lang.Object, java.lang.Object, java.lang.Object, java.lang.Object, java.lang.Object, java.lang.Object, java.lang.Obj
Event: 4.220 Thread 0x000001af79a381b0 Exception <a 'java/lang/NoSuchMethodError'{0x00000000830aaf80}: 'java.lang.Object java.lang.invoke.DirectMethodHandle$Holder.invokeStaticInit(java.lang.Object, java.lang.Object, java.lang.Object, java.lang.Object)'> (0x00000000830aaf80) 
thrown [s\src\hotspot\share\interpreter\linkResolver.cpp, line 771]
Event: 4.236 Thread 0x000001af79a381b0 Exception <a 'java/lang/NoSuchMethodError'{0x0000000082e3d930}: 'java.lang.Object java.lang.invoke.DirectMethodHandle$Holder.newInvokeSpecial(java.lang.Object, java.lang.Object, java.lang.Object, java.lang.Object, java.lang.Object, java.lang.Object, java.lang.Object, java.lang.Object)'> (0x0000000082e3d930) 
thrown [s\src\hotspot\share\interpreter\linkResolver.cpp, line 771]
Event: 4.236 Thread 0x000001af79a381b0 Exception <a 'java/lang/NoSuchMethodError'{0x0000000082e43338}: 'java.lang.Object java.lang.invoke.DirectMethodHandle$Holder.invokeSpecial(java.lang.Object, java.lang.Object, java.lang.Object, java.lang.Object, java.lang.Object, java.lang.Object, java.lang.Object, java.lang.Object, java.lang.Object)'> (0x0000000082e43338) 
thrown [s\src\hotspot\share\interpreter\linkResolver.cpp, line 771]
Event: 4.236 Thread 0x000001af79a381b0 Exception <a 'java/lang/NoSuchMethodError'{0x0000000082e486e8}: 'java.lang.Object java.lang.invoke.Invokers$Holder.linkToTargetMethod(java.lang.Object, java.lang.Object, java.lang.Object, java.lang.Object, java.lang.Object, java.lang.Object, java.lang.Object, java.lang.Object)'> (0x0000000082e486e8) 
thrown [s\src\hotspot\share\interpreter\linkResolver.cpp, line 771]
Event: 4.239 Thread 0x000001af79a381b0 Exception <a 'java/lang/NoSuchMethodError'{0x0000000082e95550}: 'void java.lang.invoke.DirectMethodHandle$Holder.invokeStatic(java.lang.Object, java.lang.Object, java.lang.Object, java.lang.Object)'> (0x0000000082e95550) 
thrown [s\src\hotspot\share\interpreter\linkResolver.cpp, line 771]
Event: 4.352 Thread 0x000001af79a381b0 Exception <a 'java/lang/NoSuchMethodError'{0x000000008a1615b8}: 'int java.lang.invoke.DirectMethodHandle$Holder.invokeVirtual(java.lang.Object, java.lang.Object)'> (0x000000008a1615b8) 
thrown [s\src\hotspot\share\interpreter\linkResolver.cpp, line 771]
Event: 4.495 Thread 0x000001af79a381b0 Exception <a 'java/lang/NoSuchMethodError'{0x0000000083b7a108}: 'java.lang.Object java.lang.invoke.DirectMethodHandle$Holder.newInvokeSpecial(java.lang.Object, java.lang.Object, int, int)'> (0x0000000083b7a108) 
thrown [s\src\hotspot\share\interpreter\linkResolver.cpp, line 771]
Event: 4.535 Thread 0x000001af79a381b0 Exception <a 'java/lang/NoSuchMethodError'{0x00000000838cf048}: 'java.lang.Object java.lang.invoke.DirectMethodHandle$Holder.invokeSpecialIFC(java.lang.Object, java.lang.Object, java.lang.Object, java.lang.Object)'> (0x00000000838cf048) 
thrown [s\src\hotspot\share\interpreter\linkResolver.cpp, line 771]
Event: 4.538 Thread 0x000001af79a381b0 Exception <a 'java/lang/NoSuchMethodError'{0x0000000083720338}: 'java.lang.Object java.lang.invoke.DirectMethodHandle$Holder.newInvokeSpecial(java.lang.Object, java.lang.Object, java.lang.Object, java.lang.Object, java.lang.Object, java.lang.Object, java.lang.Object, java.lang.Object, java.lang.Object, java.lang.Object)'> (0x0000000083720338) 
thrown [s\src\hotspot\share\interpreter\linkResolver.cpp, line 771]
Event: 4.538 Thread 0x000001af79a381b0 Exception <a 'java/lang/NoSuchMethodError'{0x0000000083725220}: 'java.lang.Object java.lang.invoke.Invokers$Holder.linkToTargetMethod(java.lang.Object, java.lang.Object, java.lang.Object, java.lang.Object, java.lang.Object, java.lang.Object, java.lang.Object, java.lang.Object, java.lang.Object, java.lang.Object)'> (0x0000000083725220) 
thrown [s\src\hotspot\share\interpreter\linkResolver.cpp, line 771]
Event: 4.603 Thread 0x000001af79a381b0 Implicit null exception at 0x000001af65ecbf8f to 0x000001af65ecc4c8

VM Operations (20 events):
Event: 3.080 Executing VM operation: G1PauseRemark
Event: 3.082 Executing VM operation: G1PauseRemark done
Event: 3.083 Executing VM operation: G1PauseCleanup
Event: 3.089 Executing VM operation: G1PauseCleanup done
Event: 3.214 Executing VM operation: HandshakeAllThreads
Event: 3.214 Executing VM operation: HandshakeAllThreads done
Event: 3.609 Executing VM operation: HandshakeAllThreads
Event: 3.609 Executing VM operation: HandshakeAllThreads done
Event: 3.609 Executing VM operation: HandshakeAllThreads
Event: 3.609 Executing VM operation: HandshakeAllThreads done
Event: 3.769 Executing VM operation: G1CollectForAllocation
Event: 3.774 Executing VM operation: G1CollectForAllocation done
Event: 4.261 Executing VM operation: G1CollectForAllocation
Event: 4.264 Executing VM operation: G1CollectForAllocation done
Event: 4.374 Executing VM operation: HandshakeAllThreads
Event: 4.374 Executing VM operation: HandshakeAllThreads done
Event: 4.377 Executing VM operation: HandshakeAllThreads
Event: 4.377 Executing VM operation: HandshakeAllThreads done
Event: 4.605 Executing VM operation: HandshakeAllThreads
Event: 4.606 Executing VM operation: HandshakeAllThreads done

Events (20 events):
Event: 4.499 loading class jdk/internal/reflect/UnsafeStaticIntegerFieldAccessorImpl done
Event: 4.531 Thread 0x000001af7b181a20 Thread added: 0x000001af7b181a20
Event: 4.565 Thread 0x000001af7b181000 Thread added: 0x000001af7b181000
Event: 4.593 loading class java/lang/invoke/SerializedLambda
Event: 4.594 loading class java/lang/invoke/SerializedLambda done
Event: 4.599 loading class java/lang/reflect/AnnotatedType
Event: 4.600 loading class java/lang/reflect/AnnotatedType done
Event: 4.602 loading class sun/reflect/misc/ReflectUtil
Event: 4.603 loading class sun/reflect/misc/ReflectUtil done
Event: 4.607 loading class java/lang/Class$EnclosingMethodInfo
Event: 4.608 loading class java/lang/Class$EnclosingMethodInfo done
Event: 4.609 loading class sun/reflect/generics/tree/IntSignature
Event: 4.609 loading class sun/reflect/generics/tree/IntSignature done
Event: 4.609 loading class sun/reflect/generics/tree/ArrayTypeSignature
Event: 4.609 loading class sun/reflect/generics/tree/ArrayTypeSignature done
Event: 4.614 loading class java/lang/SafeVarargs
Event: 4.614 loading class java/lang/SafeVarargs done
Event: 4.649 loading class java/util/regex/Pattern$GroupCurly
Event: 4.649 loading class java/util/regex/Pattern$GroupCurly done
Event: 4.668 Thread 0x000001af7b1856e0 Thread added: 0x000001af7b1856e0


Dynamic libraries:
0x00007ff6d8700000 - 0x00007ff6d870a000 	C:\Program Files\Android\Android Studio\jbr\bin\java.exe
0x00007ffb98130000 - 0x00007ffb98347000 	C:\WINDOWS\SYSTEM32\ntdll.dll
0x00007ffb979f0000 - 0x00007ffb97ab4000 	C:\WINDOWS\System32\KERNEL32.DLL
0x00007ffb95560000 - 0x00007ffb95917000 	C:\WINDOWS\System32\KERNELBASE.dll
0x00007ffb95ca0000 - 0x00007ffb95db1000 	C:\WINDOWS\System32\ucrtbase.dll
0x00007ffb7e0b0000 - 0x00007ffb7e0c7000 	C:\Program Files\Android\Android Studio\jbr\bin\jli.dll
0x00007ffb89280000 - 0x00007ffb8929b000 	C:\Program Files\Android\Android Studio\jbr\bin\VCRUNTIME140.dll
0x00007ffb97b80000 - 0x00007ffb97d2f000 	C:\WINDOWS\System32\USER32.dll
0x00007ffb959e0000 - 0x00007ffb95a06000 	C:\WINDOWS\System32\win32u.dll
0x00007ffb866b0000 - 0x00007ffb86943000 	C:\WINDOWS\WinSxS\amd64_microsoft.windows.common-controls_6595b64144ccf1df_6.0.22621.3672_none_2713b9d173822955\COMCTL32.dll
0x00007ffb96fe0000 - 0x00007ffb97009000 	C:\WINDOWS\System32\GDI32.dll
0x00007ffb97940000 - 0x00007ffb979e7000 	C:\WINDOWS\System32\msvcrt.dll
0x00007ffb95440000 - 0x00007ffb95558000 	C:\WINDOWS\System32\gdi32full.dll
0x00007ffb95a90000 - 0x00007ffb95b2a000 	C:\WINDOWS\System32\msvcp_win.dll
0x00007ffb97e70000 - 0x00007ffb97ea1000 	C:\WINDOWS\System32\IMM32.DLL
0x00007ffb8dd70000 - 0x00007ffb8dd7c000 	C:\Program Files\Android\Android Studio\jbr\bin\vcruntime140_1.dll
0x00007ffb6c2d0000 - 0x00007ffb6c35d000 	C:\Program Files\Android\Android Studio\jbr\bin\msvcp140.dll
0x00007ffb3a7a0000 - 0x00007ffb3b423000 	C:\Program Files\Android\Android Studio\jbr\bin\server\jvm.dll
0x00007ffb97ac0000 - 0x00007ffb97b72000 	C:\WINDOWS\System32\ADVAPI32.dll
0x00007ffb96f30000 - 0x00007ffb96fd8000 	C:\WINDOWS\System32\sechost.dll
0x00007ffb95e30000 - 0x00007ffb95e58000 	C:\WINDOWS\System32\bcrypt.dll
0x00007ffb97fd0000 - 0x00007ffb980e4000 	C:\WINDOWS\System32\RPCRT4.dll
0x00007ffb8dcf0000 - 0x00007ffb8dd24000 	C:\WINDOWS\SYSTEM32\WINMM.dll
0x00007ffb8ed20000 - 0x00007ffb8ed29000 	C:\WINDOWS\SYSTEM32\WSOCK32.dll
0x00007ffb94900000 - 0x00007ffb9494d000 	C:\WINDOWS\SYSTEM32\POWRPROF.dll
0x00007ffb978c0000 - 0x00007ffb97931000 	C:\WINDOWS\System32\WS2_32.dll
0x00007ffb89c50000 - 0x00007ffb89c5a000 	C:\WINDOWS\SYSTEM32\VERSION.dll
0x00007ffb947f0000 - 0x00007ffb94803000 	C:\WINDOWS\SYSTEM32\UMPDC.dll
0x00007ffb94500000 - 0x00007ffb94518000 	C:\WINDOWS\SYSTEM32\kernel.appcore.dll
0x00007ffb8ba70000 - 0x00007ffb8ba7a000 	C:\Program Files\Android\Android Studio\jbr\bin\jimage.dll
0x00007ffb92d70000 - 0x00007ffb92fa2000 	C:\WINDOWS\SYSTEM32\DBGHELP.DLL
0x00007ffb97010000 - 0x00007ffb9739e000 	C:\WINDOWS\System32\combase.dll
0x00007ffb97d30000 - 0x00007ffb97e07000 	C:\WINDOWS\System32\OLEAUT32.dll
0x00007ffb80590000 - 0x00007ffb805c2000 	C:\WINDOWS\SYSTEM32\dbgcore.DLL
0x00007ffb95a10000 - 0x00007ffb95a8b000 	C:\WINDOWS\System32\bcryptPrimitives.dll
0x00007ffb7f6c0000 - 0x00007ffb7f6ce000 	C:\Program Files\Android\Android Studio\jbr\bin\instrument.dll
0x00007ffb7e1d0000 - 0x00007ffb7e1f5000 	C:\Program Files\Android\Android Studio\jbr\bin\java.dll
0x00007ffb8ba00000 - 0x00007ffb8ba18000 	C:\Program Files\Android\Android Studio\jbr\bin\zip.dll
0x00007ffb960e0000 - 0x00007ffb96949000 	C:\WINDOWS\System32\SHELL32.dll
0x00007ffb933b0000 - 0x00007ffb93caf000 	C:\WINDOWS\SYSTEM32\windows.storage.dll
0x00007ffb93270000 - 0x00007ffb933af000 	C:\WINDOWS\SYSTEM32\wintypes.dll
0x00007ffb97eb0000 - 0x00007ffb97fa9000 	C:\WINDOWS\System32\SHCORE.dll
0x00007ffb97e10000 - 0x00007ffb97e6e000 	C:\WINDOWS\System32\shlwapi.dll
0x00007ffb95370000 - 0x00007ffb95397000 	C:\WINDOWS\SYSTEM32\profapi.dll
0x00007ffb88f30000 - 0x00007ffb88f49000 	C:\Program Files\Android\Android Studio\jbr\bin\net.dll
0x00007ffb8f110000 - 0x00007ffb8f246000 	C:\WINDOWS\SYSTEM32\WINHTTP.dll
0x00007ffb949f0000 - 0x00007ffb94a59000 	C:\WINDOWS\system32\mswsock.dll
0x00007ffb80110000 - 0x00007ffb80126000 	C:\Program Files\Android\Android Studio\jbr\bin\nio.dll
0x00007ffb80b90000 - 0x00007ffb80ba0000 	C:\Program Files\Android\Android Studio\jbr\bin\verify.dll
0x00007ffb6ec80000 - 0x00007ffb6eca7000 	C:\Users\USER\.gradle\native\c067742578af261105cb4f569cf0c3c89f3d7b1fecec35dd04571415982c5e48\windows-amd64\native-platform.dll
0x00007ffb542c0000 - 0x00007ffb54404000 	C:\Users\USER\.gradle\native\100fb08df4bc3b14c8652ba06237920a3bd2aa13389f12d3474272988ae205f9\windows-amd64\native-platform-file-events.dll
0x00007ffb88380000 - 0x00007ffb88389000 	C:\Program Files\Android\Android Studio\jbr\bin\management.dll
0x00007ffb85160000 - 0x00007ffb8516b000 	C:\Program Files\Android\Android Studio\jbr\bin\management_ext.dll
0x00007ffb977a0000 - 0x00007ffb977a8000 	C:\WINDOWS\System32\PSAPI.DLL
0x00007ffb94c40000 - 0x00007ffb94c5b000 	C:\WINDOWS\SYSTEM32\CRYPTSP.dll
0x00007ffb94460000 - 0x00007ffb94495000 	C:\WINDOWS\system32\rsaenh.dll
0x00007ffb94ae0000 - 0x00007ffb94b08000 	C:\WINDOWS\SYSTEM32\USERENV.dll
0x00007ffb94c60000 - 0x00007ffb94c6c000 	C:\WINDOWS\SYSTEM32\CRYPTBASE.dll
0x00007ffb93f50000 - 0x00007ffb93f7d000 	C:\WINDOWS\SYSTEM32\IPHLPAPI.DLL
0x00007ffb97730000 - 0x00007ffb97739000 	C:\WINDOWS\System32\NSI.dll
0x00007ffb8f020000 - 0x00007ffb8f039000 	C:\WINDOWS\SYSTEM32\dhcpcsvc6.DLL
0x00007ffb8f000000 - 0x00007ffb8f01f000 	C:\WINDOWS\SYSTEM32\dhcpcsvc.DLL
0x00007ffb93fd0000 - 0x00007ffb940d2000 	C:\WINDOWS\SYSTEM32\DNSAPI.dll
0x00007ffb88530000 - 0x00007ffb88539000 	C:\Program Files\Android\Android Studio\jbr\bin\extnet.dll
0x00007ffb8ba60000 - 0x00007ffb8ba68000 	C:\WINDOWS\system32\wshunix.dll

dbghelp: loaded successfully - version: 4.0.5 - missing functions: none
symbol engine: initialized successfully - sym options: 0x614 - pdb path: .;C:\Program Files\Android\Android Studio\jbr\bin;C:\WINDOWS\SYSTEM32;C:\WINDOWS\WinSxS\amd64_microsoft.windows.common-controls_6595b64144ccf1df_6.0.22621.3672_none_2713b9d173822955;C:\Program Files\Android\Android Studio\jbr\bin\server;C:\Users\USER\.gradle\native\c067742578af261105cb4f569cf0c3c89f3d7b1fecec35dd04571415982c5e48\windows-amd64;C:\Users\USER\.gradle\native\100fb08df4bc3b14c8652ba06237920a3bd2aa13389f12d3474272988ae205f9\windows-amd64

VM Arguments:
jvm_args: --add-opens=java.base/java.util=ALL-UNNAMED --add-opens=java.base/java.lang=ALL-UNNAMED --add-opens=java.base/java.lang.invoke=ALL-UNNAMED --add-opens=java.prefs/java.util.prefs=ALL-UNNAMED --add-exports=jdk.compiler/com.sun.tools.javac.api=ALL-UNNAMED --add-exports=jdk.compiler/com.sun.tools.javac.util=ALL-UNNAMED --add-opens=java.base/java.nio.charset=ALL-UNNAMED --add-opens=java.base/java.net=ALL-UNNAMED --add-opens=java.base/java.util.concurrent.atomic=ALL-UNNAMED -Xmx2048m -Dfile.encoding=UTF-8 -Duser.country=MY -Duser.language=en -Duser.variant -javaagent:C:\Users\USER\.gradle\wrapper\dists\gradle-8.9-bin\90cnw93cvbtalezasaz0blq0a\gradle-8.9\lib\agents\gradle-instrumentation-agent-8.9.jar 
java_command: org.gradle.launcher.daemon.bootstrap.GradleDaemon 8.9
java_class_path (initial): C:\Users\USER\.gradle\wrapper\dists\gradle-8.9-bin\90cnw93cvbtalezasaz0blq0a\gradle-8.9\lib\gradle-daemon-main-8.9.jar
Launcher Type: SUN_STANDARD

[Global flags]
     intx CICompilerCount                          = 4                                         {product} {ergonomic}
     uint ConcGCThreads                            = 2                                         {product} {ergonomic}
     uint G1ConcRefinementThreads                  = 8                                         {product} {ergonomic}
   size_t G1HeapRegionSize                         = 1048576                                   {product} {ergonomic}
    uintx GCDrainStackTargetSize                   = 64                                        {product} {ergonomic}
   size_t InitialHeapSize                          = 197132288                                 {product} {ergonomic}
   size_t MarkStackSize                            = 4194304                                   {product} {ergonomic}
   size_t MaxHeapSize                              = 2147483648                                {product} {command line}
   size_t MaxNewSize                               = 1287651328                                {product} {ergonomic}
   size_t MinHeapDeltaBytes                        = 1048576                                   {product} {ergonomic}
   size_t MinHeapSize                              = 8388608                                   {product} {ergonomic}
    uintx NonNMethodCodeHeapSize                   = 5839372                                {pd product} {ergonomic}
    uintx NonProfiledCodeHeapSize                  = 122909434                              {pd product} {ergonomic}
    uintx ProfiledCodeHeapSize                     = 122909434                              {pd product} {ergonomic}
    uintx ReservedCodeCacheSize                    = 251658240                              {pd product} {ergonomic}
     bool SegmentedCodeCache                       = true                                      {product} {ergonomic}
   size_t SoftMaxHeapSize                          = 2147483648                             {manageable} {ergonomic}
     bool UseCompressedClassPointers               = true                           {product lp64_product} {ergonomic}
     bool UseCompressedOops                        = true                           {product lp64_product} {ergonomic}
     bool UseG1GC                                  = true                                      {product} {ergonomic}
     bool UseLargePagesIndividualAllocation        = false                                  {pd product} {ergonomic}

Logging:
Log output configuration:
 #0: stdout all=warning uptime,level,tags
 #1: stderr all=off uptime,level,tags

Environment Variables:
PATH=C:\Program Files\Common Files\Oracle\Java\javapath;C:\WINDOWS\system32;C:\WINDOWS;C:\WINDOWS\System32\Wbem;C:\WINDOWS\System32\WindowsPowerShell\v1.0\;C:\WINDOWS\System32\OpenSSH\;C:\Program Files\dotnet\;C:\Program Files\Microsoft SQL Server\150\Tools\Binn\;C:\Program Files\Microsoft SQL Server\Client SDK\ODBC\170\Tools\Binn\;C:\Program Files (x86)\Microsoft SQL Server\160\Tools\Binn\;C:\Program Files\Microsoft SQL Server\160\Tools\Binn\;C:\Program Files\Microsoft SQL Server\160\DTS\Binn\;C:\Program Files (x86)\Microsoft SQL Server\160\DTS\Binn\;C:\Program Files\nodejs\;C:\Program Files\Git\cmd;C:\Users\USER\AppData\Local\Programs\Python\Launcher\;C:\Users\USER\AppData\Local\Microsoft\WindowsApps;C:\Users\USER\AppData\Local\Programs\Microsoft VS Code\bin;C:\Users\USER\.dotnet\tools;C:\Users\USER\AppData\Local\Programs\mongosh\;C:\Users\USER\AppData\Local\Microsoft\WinGet\Packages\Schniz.fnm_Microsoft.Winget.Source_8wekyb3d8bbwe;C:\Users\USER\AppData\Roaming\npm
USERNAME=Zi Ning
OS=Windows_NT
PROCESSOR_IDENTIFIER=Intel64 Family 6 Model 140 Stepping 1, GenuineIntel
TMP=C:\Users\USER\AppData\Local\Temp
TEMP=C:\Users\USER\AppData\Local\Temp



Periodic native trim disabled

JNI global refs:
JNI global refs: 25, weak refs: 1

JNI global refs memory usage: 843, weak refs: 841

Process memory usage:
Resident Set Size: 222368K (1% of 12270116K total physical memory with 400352K free physical memory)

OOME stack traces (most recent first):
Classloader memory used:
Loader bootstrap                                                                       : 1967K
Loader org.gradle.internal.classloader.VisitableURLClassLoader                         : 1919K
Loader org.gradle.initialization.MixInLegacyTypesClassLoader                           : 434K
Loader jdk.internal.loader.ClassLoaders$AppClassLoader                                 : 28703B
Loader jdk.internal.loader.ClassLoaders$PlatformClassLoader                            : 15586B
Loader jdk.internal.reflect.DelegatingClassLoader                                      : 4073B

Classes loaded by more than one classloader:
Class org.gradle.internal.installation.GradleInstallation                             : loaded 2 times (x 73B)
Class org.gradle.internal.classpath.ClassPath                                         : loaded 2 times (x 68B)
Class org.gradle.api.internal.classpath.DefaultModuleRegistry                         : loaded 2 times (x 81B)
Class org.gradle.api.Action                                                           : loaded 2 times (x 68B)
Class org.gradle.api.internal.DefaultClassPathProvider                                : loaded 2 times (x 74B)
Class org.gradle.internal.installation.GradleInstallation$1                           : loaded 2 times (x 73B)
Class org.gradle.internal.classloader.FilteringClassLoader                            : loaded 2 times (x 103B)
Class org.gradle.internal.classpath.DefaultClassPath$ImmutableUniqueList$Builder      : loaded 2 times (x 73B)
Class org.gradle.internal.classloader.ClassLoaderVisitor                              : loaded 2 times (x 74B)
Class org.gradle.internal.service.DefaultServiceLocator                               : loaded 2 times (x 81B)
Class org.gradle.internal.service.UnknownServiceException                             : loaded 2 times (x 81B)
Class org.gradle.internal.classloader.DefaultClassLoaderFactory                       : loaded 2 times (x 80B)
Class org.gradle.internal.classloader.VisitableURLClassLoader$Spec                    : loaded 2 times (x 72B)
Class org.gradle.api.GradleException                                                  : loaded 2 times (x 80B)
Class org.gradle.api.internal.classpath.ModuleRegistry                                : loaded 2 times (x 68B)
Class org.gradle.api.internal.ClassPathProvider                                       : loaded 2 times (x 68B)
Class org.gradle.internal.classloader.ClasspathUtil$1                                 : loaded 2 times (x 74B)
Class org.gradle.internal.classloader.ClassLoaderFactory                              : loaded 2 times (x 68B)
Class org.gradle.api.internal.classpath.ManifestUtil                                  : loaded 2 times (x 69B)
Class org.gradle.api.specs.Spec                                                       : loaded 2 times (x 68B)
Class org.gradle.internal.IoActions                                                   : loaded 2 times (x 69B)
Class org.gradle.api.internal.classpath.EffectiveClassPath                            : loaded 2 times (x 88B)
Class org.gradle.internal.installation.CurrentGradleInstallation                      : loaded 2 times (x 71B)
Class org.gradle.internal.agents.InstrumentingClassLoader                             : loaded 2 times (x 68B)
Class org.gradle.internal.installation.CurrentGradleInstallationLocator               : loaded 2 times (x 69B)
Class org.gradle.api.internal.classpath.Module                                        : loaded 2 times (x 68B)
Class org.gradle.internal.service.CachingServiceLocator                               : loaded 2 times (x 80B)
Class org.gradle.internal.classpath.DefaultClassPath                                  : loaded 2 times (x 88B)
Class org.gradle.internal.classloader.SystemClassLoaderSpec                           : loaded 2 times (x 69B)
Class org.gradle.api.UncheckedIOException                                             : loaded 2 times (x 80B)
Class org.gradle.internal.classloader.ClasspathUtil                                   : loaded 2 times (x 69B)
Class org.gradle.api.internal.DefaultClassPathRegistry                                : loaded 2 times (x 74B)
Class org.gradle.api.internal.classpath.DefaultModuleRegistry$DefaultModule           : loaded 2 times (x 84B)
Class org.gradle.api.internal.classpath.UnknownModuleException                        : loaded 2 times (x 80B)
Class org.gradle.internal.service.ServiceLookupException                              : loaded 2 times (x 80B)
Class [Lorg.gradle.api.internal.ClassPathProvider;                                    : loaded 2 times (x 67B)
Class org.gradle.util.internal.GUtil                                                  : loaded 2 times (x 69B)
Class org.gradle.internal.classloader.ClassLoaderSpec                                 : loaded 2 times (x 69B)
Class org.gradle.internal.classloader.VisitableURLClassLoader                         : loaded 2 times (x 115B)
Class org.gradle.internal.Cast                                                        : loaded 2 times (x 69B)
Class org.gradle.api.internal.ClassPathRegistry                                       : loaded 2 times (x 68B)
Class org.gradle.internal.classloader.VisitableURLClassLoader$InstrumentingVisitableURLClassLoader: loaded 2 times (x 121B)
Class org.gradle.internal.classloader.ClassLoaderHierarchy                            : loaded 2 times (x 68B)
Class org.gradle.internal.InternalTransformer                                         : loaded 2 times (x 68B)
Class org.gradle.internal.service.ServiceLocator                                      : loaded 2 times (x 68B)
Class org.gradle.internal.classpath.DefaultClassPath$ImmutableUniqueList              : loaded 2 times (x 159B)
Class org.gradle.internal.classpath.TransformedClassPath                              : loaded 2 times (x 94B)


---------------  S Y S T E M  ---------------

OS:
 Windows 11 , 64 bit Build 22621 (10.0.22621.3958)
OS uptime: 3 days 7:07 hours

CPU: total 8 (initial active 8) (4 cores per cpu, 2 threads per core) family 6 model 140 stepping 1 microcode 0x86, cx8, cmov, fxsr, ht, mmx, 3dnowpref, sse, sse2, sse3, ssse3, sse4.1, sse4.2, popcnt, lzcnt, tsc, tscinvbit, avx, avx2, aes, erms, clmul, bmi1, bmi2, adx, avx512f, avx512dq, avx512cd, avx512bw, avx512vl, sha, fma, vzeroupper, avx512_vpopcntdq, avx512_vpclmulqdq, avx512_vaes, avx512_vnni, clflush, clflushopt, clwb, avx512_vbmi2, avx512_vbmi
Processor Information for all 8 processors :
  Max Mhz: 2419, Current Mhz: 2419, Mhz Limit: 2419

Memory: 4k page, system-wide physical 11982M (386M free)
TotalPageFile size 48846M (AvailPageFile size 4M)
current process WorkingSet (physical memory assigned to process): 217M, peak: 217M
current process commit charge ("private bytes"): 260M, peak: 320M

vm_info: OpenJDK 64-Bit Server VM (17.0.11+0--11852314) for windows-amd64 JRE (17.0.11+0--11852314), built on May 16 2024 21:29:20 by "androidbuild" with MS VC++ 16.10 / 16.11 (VS2019)

END.
